# JRE version: Java(TM) SE Runtime Environment (8.0_201-b09) (build 1.8.0_201-b09)
# Java VM: Java HotSpot(TM) 64-Bit Server VM (25.201-b09 mixed mode bsd-amd64 compressed oops)
Heap:
 PSYoungGen      total 266752K, used 127716K [0x000000076ab00000, 0x000000077cf00000, 0x00000007c0000000)
  eden space 243712K, 46% used [0x000000076ab00000,0x0000000771ad4278,0x0000000779900000)
  from space 23040K, 57% used [0x000000077af00000,0x000000077bbe5160,0x000000077c580000)
  to   space 22528K, 0% used [0x0000000779900000,0x0000000779900000,0x000000077af00000)
 ParOldGen       total 105984K, used 22489K [0x00000006c0000000, 0x00000006c6780000, 0x000000076ab00000)
  object space 105984K, 21% used [0x00000006c0000000,0x00000006c15f6718,0x00000006c6780000)
 Metaspace       used 47456K, capacity 49634K, committed 49712K, reserved 1093632K
  class space    used 6039K, capacity 6437K, committed 6448K, reserved 1048576K
GC Heap History (10 events):
Event: 2.263 GC heap before
{Heap before GC invocations=4 (full 1):
 PSYoungGen      total 76288K, used 7006K [0x000000076ab00000, 0x0000000774000000, 0x00000007c0000000)
  eden space 65536K, 0% used [0x000000076ab00000,0x000000076ab00000,0x000000076eb00000)
  from space 10752K, 65% used [0x000000076eb00000,0x000000076f1d7900,0x000000076f580000)
  to   space 10752K, 0% used [0x0000000773580000,0x0000000773580000,0x0000000774000000)
 ParOldGen       total 175104K, used 96K [0x00000006c0000000, 0x00000006cab00000, 0x000000076ab00000)
  object space 175104K, 0% used [0x00000006c0000000,0x00000006c0018010,0x00000006cab00000)
 Metaspace       used 20704K, capacity 21260K, committed 21296K, reserved 1067008K
  class space    used 2703K, capacity 2851K, committed 2864K, reserved 1048576K
Event: 2.290 GC heap after
Heap after GC invocations=4 (full 1):
 PSYoungGen      total 76288K, used 0K [0x000000076ab00000, 0x0000000774000000, 0x00000007c0000000)
  eden space 65536K, 0% used [0x000000076ab00000,0x000000076ab00000,0x000000076eb00000)
  from space 10752K, 0% used [0x000000076eb00000,0x000000076eb00000,0x000000076f580000)
  to   space 10752K, 0% used [0x0000000773580000,0x0000000773580000,0x0000000774000000)
 ParOldGen       total 76288K, used 6875K [0x00000006c0000000, 0x00000006c4a80000, 0x000000076ab00000)
  object space 76288K, 9% used [0x00000006c0000000,0x00000006c06b6c40,0x00000006c4a80000)
 Metaspace       used 20704K, capacity 21260K, committed 21296K, reserved 1067008K
  class space    used 2703K, capacity 2851K, committed 2864K, reserved 1048576K
}
Event: 18.770 GC heap before
{Heap before GC invocations=5 (full 1):
 PSYoungGen      total 76288K, used 65536K [0x000000076ab00000, 0x0000000774000000, 0x00000007c0000000)
  eden space 65536K, 100% used [0x000000076ab00000,0x000000076eb00000,0x000000076eb00000)
  from space 10752K, 0% used [0x000000076eb00000,0x000000076eb00000,0x000000076f580000)
  to   space 10752K, 0% used [0x0000000773580000,0x0000000773580000,0x0000000774000000)
 ParOldGen       total 76288K, used 6875K [0x00000006c0000000, 0x00000006c4a80000, 0x000000076ab00000)
  object space 76288K, 9% used [0x00000006c0000000,0x00000006c06b6c40,0x00000006c4a80000)
 Metaspace       used 26491K, capacity 28004K, committed 28208K, reserved 1073152K
  class space    used 3555K, capacity 3851K, committed 3888K, reserved 1048576K
Event: 18.778 GC heap after
Heap after GC invocations=5 (full 1):
 PSYoungGen      total 137728K, used 10724K [0x000000076ab00000, 0x0000000774000000, 0x00000007c0000000)
  eden space 126976K, 0% used [0x000000076ab00000,0x000000076ab00000,0x0000000772700000)
  from space 10752K, 99% used [0x0000000773580000,0x0000000773ff9040,0x0000000774000000)
  to   space 10752K, 0% used [0x0000000772b00000,0x0000000772b00000,0x0000000773580000)
 ParOldGen       total 76288K, used 7120K [0x00000006c0000000, 0x00000006c4a80000, 0x000000076ab00000)
  object space 76288K, 9% used [0x00000006c0000000,0x00000006c06f4070,0x00000006c4a80000)
 Metaspace       used 26491K, capacity 28004K, committed 28208K, reserved 1073152K
  class space    used 3555K, capacity 3851K, committed 3888K, reserved 1048576K
}
Event: 86.638 GC heap before
{Heap before GC invocations=6 (full 1):
 PSYoungGen      total 137728K, used 131144K [0x000000076ab00000, 0x0000000774000000, 0x00000007c0000000)
  eden space 126976K, 94% used [0x000000076ab00000,0x0000000772099238,0x0000000772700000)
  from space 10752K, 99% used [0x0000000773580000,0x0000000773ff9040,0x0000000774000000)
  to   space 10752K, 0% used [0x0000000772b00000,0x0000000772b00000,0x0000000773580000)
 ParOldGen       total 76288K, used 7120K [0x00000006c0000000, 0x00000006c4a80000, 0x000000076ab00000)
  object space 76288K, 9% used [0x00000006c0000000,0x00000006c06f4070,0x00000006c4a80000)
 Metaspace       used 33624K, capacity 35376K, committed 35496K, reserved 1081344K
  class space    used 4332K, capacity 4644K, committed 4656K, reserved 1048576K
Event: 86.656 GC heap after
Heap after GC invocations=6 (full 1):
 PSYoungGen      total 141824K, used 10722K [0x000000076ab00000, 0x000000077c580000, 0x00000007c0000000)
  eden space 131072K, 0% used [0x000000076ab00000,0x000000076ab00000,0x0000000772b00000)
  from space 10752K, 99% used [0x0000000772b00000,0x0000000773578ad0,0x0000000773580000)
  to   space 23040K, 0% used [0x000000077af00000,0x000000077af00000,0x000000077c580000)
 ParOldGen       total 76288K, used 22080K [0x00000006c0000000, 0x00000006c4a80000, 0x000000076ab00000)
  object space 76288K, 28% used [0x00000006c0000000,0x00000006c15900a8,0x00000006c4a80000)
 Metaspace       used 33624K, capacity 35376K, committed 35496K, reserved 1081344K
  class space    used 4332K, capacity 4644K, committed 4656K, reserved 1048576K
}
Event: 86.656 GC heap before
{Heap before GC invocations=7 (full 2):
 PSYoungGen      total 141824K, used 10722K [0x000000076ab00000, 0x000000077c580000, 0x00000007c0000000)
  eden space 131072K, 0% used [0x000000076ab00000,0x000000076ab00000,0x0000000772b00000)
  from space 10752K, 99% used [0x0000000772b00000,0x0000000773578ad0,0x0000000773580000)
  to   space 23040K, 0% used [0x000000077af00000,0x000000077af00000,0x000000077c580000)
 ParOldGen       total 76288K, used 22080K [0x00000006c0000000, 0x00000006c4a80000, 0x000000076ab00000)
  object space 76288K, 28% used [0x00000006c0000000,0x00000006c15900a8,0x00000006c4a80000)
 Metaspace       used 33624K, capacity 35376K, committed 35496K, reserved 1081344K
  class space    used 4332K, capacity 4644K, committed 4656K, reserved 1048576K
Event: 86.706 GC heap after
Heap after GC invocations=7 (full 2):
 PSYoungGen      total 141824K, used 0K [0x000000076ab00000, 0x000000077c580000, 0x00000007c0000000)
  eden space 131072K, 0% used [0x000000076ab00000,0x000000076ab00000,0x0000000772b00000)
  from space 10752K, 0% used [0x0000000772b00000,0x0000000772b00000,0x0000000773580000)
  to   space 23040K, 0% used [0x000000077af00000,0x000000077af00000,0x000000077c580000)
 ParOldGen       total 105984K, used 22476K [0x00000006c0000000, 0x00000006c6780000, 0x000000076ab00000)
  object space 105984K, 21% used [0x00000006c0000000,0x00000006c15f3080,0x00000006c6780000)
 Metaspace       used 33624K, capacity 35376K, committed 35496K, reserved 1081344K
  class space    used 4332K, capacity 4644K, committed 4656K, reserved 1048576K
}
Event: 648.825 GC heap before
{Heap before GC invocations=8 (full 2):
 PSYoungGen      total 141824K, used 131072K [0x000000076ab00000, 0x000000077c580000, 0x00000007c0000000)
  eden space 131072K, 100% used [0x000000076ab00000,0x0000000772b00000,0x0000000772b00000)
  from space 10752K, 0% used [0x0000000772b00000,0x0000000772b00000,0x0000000773580000)
  to   space 23040K, 0% used [0x000000077af00000,0x000000077af00000,0x000000077c580000)
 ParOldGen       total 105984K, used 22476K [0x00000006c0000000, 0x00000006c6780000, 0x000000076ab00000)
  object space 105984K, 21% used [0x00000006c0000000,0x00000006c15f3080,0x00000006c6780000)
 Metaspace       used 46599K, capacity 48634K, committed 48944K, reserved 1091584K
  class space    used 5964K, capacity 6371K, committed 6448K, reserved 1048576K
Event: 648.836 GC heap after
Heap after GC invocations=8 (full 2):
 PSYoungGen      total 266752K, used 13204K [0x000000076ab00000, 0x000000077cf00000, 0x00000007c0000000)
  eden space 243712K, 0% used [0x000000076ab00000,0x000000076ab00000,0x0000000779900000)
  from space 23040K, 57% used [0x000000077af00000,0x000000077bbe5160,0x000000077c580000)
  to   space 22528K, 0% used [0x0000000779900000,0x0000000779900000,0x000000077af00000)
 ParOldGen       total 105984K, used 22489K [0x00000006c0000000, 0x00000006c6780000, 0x000000076ab00000)
  object space 105984K, 21% used [0x00000006c0000000,0x00000006c15f6718,0x00000006c6780000)
 Metaspace       used 46599K, capacity 48634K, committed 48944K, reserved 1091584K
  class space    used 5964K, capacity 6371K, committed 6448K, reserved 1048576K
}

